1607609405.992042 client started (48601): version 3.1b, socket /tmp/tmux-95955/default, protocol 8
1607609405.992073 on Linux 3.10.0-1062.26.1.el7.x86_64 #1 SMP Tue May 26 15:16:00 EDT 2020; libevent 2.0.21-stable (poll)
1607609405.992109 socket is /tmp/tmux-95955/default
1607609405.992118 trying connect
1607609405.992199 add peer 0xb2cb50: 6 ((nil))
1607609405.992290 sending message 100 to peer 0xb2cb50 (4 bytes)
1607609405.992301 sending message 101 to peer 0xb2cb50 (6 bytes)
1607609405.992305 sending message 102 to peer 0xb2cb50 (12 bytes)
1607609405.992308 sending message 108 to peer 0xb2cb50 (32 bytes)
1607609405.992314 sending message 104 to peer 0xb2cb50 (0 bytes)
1607609405.992317 sending message 107 to peer 0xb2cb50 (4 bytes)
1607609405.992321 sending message 105 to peer 0xb2cb50 (72 bytes)
1607609405.992325 sending message 105 to peer 0xb2cb50 (54 bytes)
1607609405.992330 sending message 105 to peer 0xb2cb50 (21 bytes)
1607609405.992334 sending message 105 to peer 0xb2cb50 (35 bytes)
1607609405.992337 sending message 105 to peer 0xb2cb50 (56 bytes)
1607609405.992340 sending message 105 to peer 0xb2cb50 (14 bytes)
1607609405.992344 sending message 105 to peer 0xb2cb50 (11 bytes)
1607609405.992348 sending message 105 to peer 0xb2cb50 (18 bytes)
1607609405.992351 sending message 105 to peer 0xb2cb50 (14 bytes)
1607609405.992355 sending message 105 to peer 0xb2cb50 (52 bytes)
1607609405.992358 sending message 105 to peer 0xb2cb50 (35 bytes)
1607609405.992362 sending message 105 to peer 0xb2cb50 (27 bytes)
1607609405.992365 sending message 105 to peer 0xb2cb50 (52 bytes)
1607609405.992369 sending message 105 to peer 0xb2cb50 (24 bytes)
1607609405.992372 sending message 105 to peer 0xb2cb50 (34 bytes)
1607609405.992375 sending message 105 to peer 0xb2cb50 (68 bytes)
1607609405.992380 sending message 105 to peer 0xb2cb50 (32 bytes)
1607609405.992383 sending message 105 to peer 0xb2cb50 (56 bytes)
1607609405.992387 sending message 105 to peer 0xb2cb50 (20 bytes)
1607609405.992390 sending message 105 to peer 0xb2cb50 (56 bytes)
1607609405.992393 sending message 105 to peer 0xb2cb50 (58 bytes)
1607609405.992397 sending message 105 to peer 0xb2cb50 (56 bytes)
1607609405.992403 sending message 105 to peer 0xb2cb50 (19 bytes)
1607609405.992406 sending message 105 to peer 0xb2cb50 (28 bytes)
1607609405.992410 sending message 105 to peer 0xb2cb50 (64 bytes)
1607609405.992413 sending message 105 to peer 0xb2cb50 (14 bytes)
1607609405.992416 sending message 105 to peer 0xb2cb50 (36 bytes)
1607609405.992420 sending message 105 to peer 0xb2cb50 (1436 bytes)
1607609405.992433 sending message 105 to peer 0xb2cb50 (52 bytes)
1607609405.992437 sending message 105 to peer 0xb2cb50 (58 bytes)
1607609405.992441 sending message 105 to peer 0xb2cb50 (62 bytes)
1607609405.992444 sending message 105 to peer 0xb2cb50 (43 bytes)
1607609405.992448 sending message 105 to peer 0xb2cb50 (56 bytes)
1607609405.992451 sending message 105 to peer 0xb2cb50 (56 bytes)
1607609405.992456 sending message 105 to peer 0xb2cb50 (37 bytes)
1607609405.992460 sending message 105 to peer 0xb2cb50 (62 bytes)
1607609405.992463 sending message 105 to peer 0xb2cb50 (64 bytes)
1607609405.992467 sending message 105 to peer 0xb2cb50 (554 bytes)
1607609405.992471 sending message 105 to peer 0xb2cb50 (30 bytes)
1607609405.992474 sending message 105 to peer 0xb2cb50 (36 bytes)
1607609405.992478 sending message 105 to peer 0xb2cb50 (56 bytes)
1607609405.992482 sending message 105 to peer 0xb2cb50 (52 bytes)
1607609405.992485 sending message 105 to peer 0xb2cb50 (52 bytes)
1607609405.992488 sending message 105 to peer 0xb2cb50 (75 bytes)
1607609405.992492 sending message 105 to peer 0xb2cb50 (54 bytes)
1607609405.992497 sending message 105 to peer 0xb2cb50 (11 bytes)
1607609405.992500 sending message 105 to peer 0xb2cb50 (17 bytes)
1607609405.992504 sending message 105 to peer 0xb2cb50 (59 bytes)
1607609405.992507 sending message 105 to peer 0xb2cb50 (15 bytes)
1607609405.992511 sending message 105 to peer 0xb2cb50 (13 bytes)
1607609405.992514 sending message 105 to peer 0xb2cb50 (56 bytes)
1607609405.992522 sending message 105 to peer 0xb2cb50 (14 bytes)
1607609405.992525 sending message 105 to peer 0xb2cb50 (58 bytes)
1607609405.992529 sending message 105 to peer 0xb2cb50 (44 bytes)
1607609405.992533 sending message 105 to peer 0xb2cb50 (151 bytes)
1607609405.992536 sending message 105 to peer 0xb2cb50 (58 bytes)
1607609405.992540 sending message 105 to peer 0xb2cb50 (51 bytes)
1607609405.992543 sending message 105 to peer 0xb2cb50 (23 bytes)
1607609405.992547 sending message 105 to peer 0xb2cb50 (41 bytes)
1607609405.992550 sending message 105 to peer 0xb2cb50 (8 bytes)
1607609405.992554 sending message 105 to peer 0xb2cb50 (28 bytes)
1607609405.992557 sending message 105 to peer 0xb2cb50 (40 bytes)
1607609405.992561 sending message 105 to peer 0xb2cb50 (60 bytes)
1607609405.992564 sending message 105 to peer 0xb2cb50 (17 bytes)
1607609405.992567 sending message 105 to peer 0xb2cb50 (54 bytes)
1607609405.992571 sending message 105 to peer 0xb2cb50 (28 bytes)
1607609405.992575 sending message 105 to peer 0xb2cb50 (12 bytes)
1607609405.992578 sending message 105 to peer 0xb2cb50 (56 bytes)
1607609405.992589 sending message 105 to peer 0xb2cb50 (52 bytes)
1607609405.992594 sending message 105 to peer 0xb2cb50 (52 bytes)
1607609405.992597 sending message 105 to peer 0xb2cb50 (15 bytes)
1607609405.992601 sending message 105 to peer 0xb2cb50 (66 bytes)
1607609405.992604 sending message 105 to peer 0xb2cb50 (31 bytes)
1607609405.992615 sending message 105 to peer 0xb2cb50 (63 bytes)
1607609405.992623 sending message 105 to peer 0xb2cb50 (35 bytes)
1607609405.992627 sending message 105 to peer 0xb2cb50 (61 bytes)
1607609405.992630 sending message 105 to peer 0xb2cb50 (64 bytes)
1607609405.992634 sending message 105 to peer 0xb2cb50 (32 bytes)
1607609405.992638 sending message 105 to peer 0xb2cb50 (26 bytes)
1607609405.992641 sending message 105 to peer 0xb2cb50 (41 bytes)
1607609405.992644 sending message 105 to peer 0xb2cb50 (61 bytes)
1607609405.992648 sending message 105 to peer 0xb2cb50 (52 bytes)
1607609405.992651 sending message 105 to peer 0xb2cb50 (54 bytes)
1607609405.992655 sending message 105 to peer 0xb2cb50 (52 bytes)
1607609405.992658 sending message 105 to peer 0xb2cb50 (103 bytes)
1607609405.992662 sending message 105 to peer 0xb2cb50 (33 bytes)
1607609405.992665 sending message 105 to peer 0xb2cb50 (34 bytes)
1607609405.992669 sending message 106 to peer 0xb2cb50 (0 bytes)
1607609405.992675 sending message 200 to peer 0xb2cb50 (4 bytes)
1607609405.992678 client loop enter
1607609405.994695 peer 0xb2cb50 message 303
1607609405.994706 open write file 2 -
1607609405.994728 sending message 305 to peer 0xb2cb50 (8 bytes)
1607609405.996390 peer 0xb2cb50 message 304
1607609405.996399 write 58 to file 2
1607609405.996413 peer 0xb2cb50 message 203
1607609405.996417 file 2 58 bytes left
1607609405.996442 client loop exit
